WARNING: A terminally deprecated method in sun.misc.Unsafe has been called
WARNING: sun.misc.Unsafe::staticFieldBase has been called by com.google.inject.internal.aop.HiddenClassDefiner (file:/C:/Users/Dell/.m2/wrapper/dists/apache-maven-3.9.11/a2d47e15/lib/guice-5.1.0-classes.jar)
WARNING: Please consider reporting this to the maintainers of class com.google.inject.internal.aop.HiddenClassDefiner
WARNING: sun.misc.Unsafe::staticFieldBase will be removed in a future release
[INFO] Scanning for projects...
[INFO] 
[INFO] ----------------< com.rentease:apartment-rental-system >----------------
[INFO] Building apartment-rental-system 0.0.1-SNAPSHOT
[INFO]   from pom.xml
[INFO] --------------------------------[ jar ]---------------------------------
[INFO] 
[INFO] >>> spring-boot:3.1.5:run (default-cli) > test-compile @ apartment-rental-system >>>
[INFO] 
[INFO] --- resources:3.3.1:resources (default-resources) @ apartment-rental-system ---
[INFO] Copying 1 resource from src\main\resources to target\classes
[INFO] Copying 9 resources from src\main\resources to target\classes
[INFO] 
[INFO] --- compiler:3.11.0:compile (default-compile) @ apartment-rental-system ---
[INFO] Nothing to compile - all classes are up to date
[INFO] 
[INFO] --- resources:3.3.1:testResources (default-testResources) @ apartment-rental-system ---
[INFO] skip non existing resourceDirectory D:\My Downloads\project aloy\project-aloy\src\test\resources
[INFO] 
[INFO] --- compiler:3.11.0:testCompile (default-testCompile) @ apartment-rental-system ---
[INFO] Nothing to compile - all classes are up to date
[INFO] 
[INFO] <<< spring-boot:3.1.5:run (default-cli) < test-compile @ apartment-rental-system <<<
[INFO] 
[INFO] 
[INFO] --- spring-boot:3.1.5:run (default-cli) @ apartment-rental-system ---
[INFO] Attaching agents: []

  .   ____          _            __ _ _
 /\\ / ___'_ __ _ _(_)_ __  __ _ \ \ \ \
( ( )\___ | '_ | '_| | '_ \/ _` | \ \ \ \
 \\/  ___)| |_)| | | | | || (_| |  ) ) ) )
  '  |____| .__|_| |_|_| |_\__, | / / / /
 =========|_|==============|___/=/_/_/_/
 :: Spring Boot ::                (v3.1.5)

2025-10-05T21:07:22.737+06:00  INFO 11984 --- [           main] c.e.project.aloy.ProjectAloyApplication  : Starting ProjectAloyApplication using Java 24.0.2 with PID 11984 (D:\My Downloads\project aloy\project-aloy\target\classes started by Dell in D:\My Downloads\project aloy\project-aloy)
2025-10-05T21:07:22.738+06:00 DEBUG 11984 --- [           main] c.e.project.aloy.ProjectAloyApplication  : Running with Spring Boot v3.1.5, Spring v6.0.13
2025-10-05T21:07:22.738+06:00  INFO 11984 --- [           main] c.e.project.aloy.ProjectAloyApplication  : No active profile set, falling back to 1 default profile: "default"
2025-10-05T21:07:23.135+06:00  INFO 11984 --- [           main] .s.d.r.c.RepositoryConfigurationDelegate : Bootstrapping Spring Data JPA repositories in DEFAULT mode.
2025-10-05T21:07:23.183+06:00  INFO 11984 --- [           main] .s.d.r.c.RepositoryConfigurationDelegate : Finished Spring Data repository scanning in 43 ms. Found 7 JPA repository interfaces.
WARNING: A restricted method in java.lang.System has been called
WARNING: java.lang.System::load has been called by org.apache.tomcat.jni.Library in an unnamed module (file:/C:/Users/Dell/.m2/repository/org/apache/tomcat/embed/tomcat-embed-core/10.1.15/tomcat-embed-core-10.1.15.jar)
WARNING: Use --enable-native-access=ALL-UNNAMED to avoid a warning for callers in this module
WARNING: Restricted methods will be blocked in a future release unless native access is enabled

2025-10-05T21:07:23.577+06:00  INFO 11984 --- [           main] o.s.b.w.embedded.tomcat.TomcatWebServer  : Tomcat initialized with port(s): 8080 (http)
2025-10-05T21:07:23.584+06:00  INFO 11984 --- [           main] o.apache.catalina.core.StandardService   : Starting service [Tomcat]
2025-10-05T21:07:23.585+06:00  INFO 11984 --- [           main] o.apache.catalina.core.StandardEngine    : Starting Servlet engine: [Apache Tomcat/10.1.15]
2025-10-05T21:07:23.652+06:00  INFO 11984 --- [           main] o.a.c.c.C.[Tomcat].[localhost].[/]       : Initializing Spring embedded WebApplicationContext
2025-10-05T21:07:23.652+06:00  INFO 11984 --- [           main] w.s.c.ServletWebServerApplicationContext : Root WebApplicationContext: initialization completed in 876 ms
2025-10-05T21:07:23.756+06:00  INFO 11984 --- [           main] o.hibernate.jpa.internal.util.LogHelper  : HHH000204: Processing PersistenceUnitInfo [name: default]
2025-10-05T21:07:23.787+06:00  INFO 11984 --- [           main] org.hibernate.Version                    : HHH000412: Hibernate ORM core version 6.2.13.Final
2025-10-05T21:07:23.789+06:00  INFO 11984 --- [           main] org.hibernate.cfg.Environment            : HHH000406: Using bytecode reflection optimizer
2025-10-05T21:07:23.959+06:00  INFO 11984 --- [           main] o.s.o.j.p.SpringPersistenceUnitInfo      : No LoadTimeWeaver setup: ignoring JPA class transformer
2025-10-05T21:07:23.975+06:00  INFO 11984 --- [           main] com.zaxxer.hikari.HikariDataSource       : HikariPool-1 - Starting...
2025-10-05T21:07:24.084+06:00  INFO 11984 --- [           main] com.zaxxer.hikari.pool.HikariPool        : HikariPool-1 - Added connection com.mysql.cj.jdbc.ConnectionImpl@4faf1f4
2025-10-05T21:07:24.085+06:00  INFO 11984 --- [           main] com.zaxxer.hikari.HikariDataSource       : HikariPool-1 - Start completed.
2025-10-05T21:07:24.128+06:00  WARN 11984 --- [           main] org.hibernate.orm.deprecation            : HHH90000025: MySQLDialect does not need to be specified explicitly using 'hibernate.dialect' (remove the property setting and it will be selected by default)
2025-10-05T21:07:24.851+06:00  INFO 11984 --- [           main] o.h.e.t.j.p.i.JtaPlatformInitiator       : HHH000489: No JTA platform available (set 'hibernate.transaction.jta.platform' to enable JTA platform integration)
2025-10-05T21:07:24.923+06:00  INFO 11984 --- [           main] j.LocalContainerEntityManagerFactoryBean : Initialized JPA EntityManagerFactory for persistence unit 'default'
2025-10-05T21:07:25.084+06:00  INFO 11984 --- [           main] o.s.d.j.r.query.QueryEnhancerFactory     : Hibernate is in classpath; If applicable, HQL parser will be used.
2025-10-05T21:07:25.625+06:00  INFO 11984 --- [           main] o.s.b.a.w.s.WelcomePageHandlerMapping    : Adding welcome page template: index
2025-10-05T21:07:25.781+06:00  INFO 11984 --- [           main] o.s.b.w.embedded.tomcat.TomcatWebServer  : Tomcat started on port(s): 8080 (http) with context path ''
2025-10-05T21:07:25.787+06:00  INFO 11984 --- [           main] c.e.project.aloy.ProjectAloyApplication  : Started ProjectAloyApplication in 3.336 seconds (process running for 3.611)
Hibernate: select a1_0.apartment_id,a1_0.address,a1_0.allowed_for,a1_0.availability,a1_0.booked,a1_0.description,a1_0.district,a1_0.house_no,a1_0.monthly_rent,a1_0.owner_id,a1_0.status,a1_0.street from apartments a1_0
2025-10-05T21:07:25.856+06:00  INFO 11984 --- [           main] c.e.p.aloy.bootstrap.DataInitializer     : DataInitializer found no apartments needing monthly rate updates
2025-10-05T21:07:32.824+06:00  INFO 11984 --- [nio-8080-exec-1] o.a.c.c.C.[Tomcat].[localhost].[/]       : Initializing Spring DispatcherServlet 'dispatcherServlet'
2025-10-05T21:07:32.824+06:00  INFO 11984 --- [nio-8080-exec-1] o.s.web.servlet.DispatcherServlet        : Initializing Servlet 'dispatcherServlet'
2025-10-05T21:07:32.824+06:00  INFO 11984 --- [nio-8080-exec-1] o.s.web.servlet.DispatcherServlet        : Completed initialization in 0 ms
Hibernate: select a1_0.apartment_id,a1_0.address,a1_0.allowed_for,a1_0.availability,a1_0.booked,a1_0.description,a1_0.district,a1_0.house_no,a1_0.monthly_rent,a1_0.owner_id,a1_0.status,a1_0.street from apartments a1_0 where a1_0.booked=0 and (a1_0.status='AVAILABLE' or a1_0.status is null)
